<?xml version="1.0" encoding="UTF-8"?>
<!-- Generated by org.testng.reporters.JUnitXMLReporter -->
<testsuite ignored="1" hostname="LAPTOP-6T8LQE4H" failures="0" tests="3" name="Default test" time="11.654" errors="0" timestamp="2022-12-21T20:47:06 EST">
  <testcase classname="tek.framework.test.smoke.LoginPageTest" name="loginTestNegative" time="0.807"/>
  <testcase classname="tek.framework.test.smoke.LoginPageTest" name="loginTestNegative" time="0.751"/>
  <testcase classname="tek.framework.test.smoke.LoginPageTest" name="loginTestNegative" time="0.887"/>
  <testcase classname="tek.framework.test.smoke.LoginPageTest" name="loginTestPositive" time="0.0">
    <ignored/>
  </testcase> <!-- loginTestPositive -->
</testsuite> <!-- Default test -->
