<?xml version="1.0" encoding="UTF-8"?>
<testng-results ignored="1" total="4" passed="3" failed="0" skipped="0">
  <reporter-output>
  </reporter-output>
  <suite started-at="2022-12-21T20:46:55 EST" name="Default suite" finished-at="2022-12-21T20:47:06 EST" duration-ms="11654">
    <groups>
    </groups>
    <test started-at="2022-12-21T20:46:55 EST" name="Default test" finished-at="2022-12-21T20:47:06 EST" duration-ms="11654">
      <class name="tek.framework.test.smoke.LoginPageTest">
        <test-method is-config="true" signature="testInitilized()[pri:0, instance:tek.framework.test.smoke.LoginPageTest@3f191845]" started-at="2022-12-21T20:46:55 EST" name="testInitilized" finished-at="2022-12-21T20:46:58 EST" duration-ms="3137" status="PASS">
          <reporter-output>
          </reporter-output>
        </test-method> <!-- testInitilized -->
        <test-method signature="loginTestNegative(java.lang.String,java.lang.String,java.lang.String)[pri:0, instance:tek.framework.test.smoke.LoginPageTest@3f191845]" started-at="2022-12-21T20:46:58 EST" name="loginTestNegative" data-provider="invalidTestData" finished-at="2022-12-21T20:46:59 EST" duration-ms="807" status="PASS">
          <params>
            <param index="0">
              <value>
                <![CDATA[Wrong Username]]>
              </value>
            </param>
            <param index="1">
              <value>
                <![CDATA[wrong password]]>
              </value>
            </param>
            <param index="2">
              <value>
                <![CDATA[User not found]]>
              </value>
            </param>
          </params>
          <reporter-output>
          </reporter-output>
        </test-method> <!-- loginTestNegative -->
        <test-method is-config="true" signature="closeTest()[pri:0, instance:tek.framework.test.smoke.LoginPageTest@3f191845]" started-at="2022-12-21T20:46:59 EST" name="closeTest" finished-at="2022-12-21T20:46:59 EST" duration-ms="735" status="PASS">
          <reporter-output>
          </reporter-output>
        </test-method> <!-- closeTest -->
        <test-method is-config="true" signature="testInitilized()[pri:0, instance:tek.framework.test.smoke.LoginPageTest@3f191845]" started-at="2022-12-21T20:46:59 EST" name="testInitilized" finished-at="2022-12-21T20:47:01 EST" duration-ms="1929" status="PASS">
          <reporter-output>
          </reporter-output>
        </test-method> <!-- testInitilized -->
        <test-method signature="loginTestNegative(java.lang.String,java.lang.String,java.lang.String)[pri:0, instance:tek.framework.test.smoke.LoginPageTest@3f191845]" started-at="2022-12-21T20:47:01 EST" name="loginTestNegative" data-provider="invalidTestData" finished-at="2022-12-21T20:47:02 EST" duration-ms="751" status="PASS">
          <params>
            <param index="0">
              <value>
                <![CDATA[Wrong username]]>
              </value>
            </param>
            <param index="1">
              <value>
                <![CDATA[tek_supervisor]]>
              </value>
            </param>
            <param index="2">
              <value>
                <![CDATA[User not found]]>
              </value>
            </param>
          </params>
          <reporter-output>
          </reporter-output>
        </test-method> <!-- loginTestNegative -->
        <test-method is-config="true" signature="closeTest()[pri:0, instance:tek.framework.test.smoke.LoginPageTest@3f191845]" started-at="2022-12-21T20:47:02 EST" name="closeTest" finished-at="2022-12-21T20:47:03 EST" duration-ms="750" status="PASS">
          <reporter-output>
          </reporter-output>
        </test-method> <!-- closeTest -->
        <test-method is-config="true" signature="testInitilized()[pri:0, instance:tek.framework.test.smoke.LoginPageTest@3f191845]" started-at="2022-12-21T20:47:03 EST" name="testInitilized" finished-at="2022-12-21T20:47:05 EST" duration-ms="1844" status="PASS">
          <reporter-output>
          </reporter-output>
        </test-method> <!-- testInitilized -->
        <test-method signature="loginTestNegative(java.lang.String,java.lang.String,java.lang.String)[pri:0, instance:tek.framework.test.smoke.LoginPageTest@3f191845]" started-at="2022-12-21T20:47:05 EST" name="loginTestNegative" data-provider="invalidTestData" finished-at="2022-12-21T20:47:06 EST" duration-ms="887" status="PASS">
          <params>
            <param index="0">
              <value>
                <![CDATA[supervisor]]>
              </value>
            </param>
            <param index="1">
              <value>
                <![CDATA[wrong password]]>
              </value>
            </param>
            <param index="2">
              <value>
                <![CDATA[Password Not Matched]]>
              </value>
            </param>
          </params>
          <reporter-output>
          </reporter-output>
        </test-method> <!-- loginTestNegative -->
        <test-method is-config="true" signature="closeTest()[pri:0, instance:tek.framework.test.smoke.LoginPageTest@3f191845]" started-at="2022-12-21T20:47:06 EST" name="closeTest" finished-at="2022-12-21T20:47:06 EST" duration-ms="747" status="PASS">
          <reporter-output>
          </reporter-output>
        </test-method> <!-- closeTest -->
      </class> <!-- tek.framework.test.smoke.LoginPageTest -->
    </test> <!-- Default test -->
  </suite> <!-- Default suite -->
</testng-results>
